============================= test session starts ==============================
platform darwin -- Python 3.14.6, pytest-9.1.1, pluggy-1.6.0 -- /Users/zacharynowroozi/OpenSDR/.venv/bin/python3.14
cachedir: .pytest_cache
rootdir: /Users/zacharynowroozi/OpenSDR
configfile: pyproject.toml
testpaths: tests
plugins: asyncio-1.4.0, anyio-4.14.2
asyncio: mode=Mode.AUTO, debug=False, asyncio_default_fixture_loop_scope=None, asyncio_default_test_loop_scope=function
collecting ... collected 59 items

tests/e2e/test_integration_flow.py::test_csv_import_dedupes_and_suppresses PASSED [  1%]
tests/e2e/test_integration_flow.py::test_tick_queued_goes_to_researching_and_enqueues PASSED [  3%]
tests/e2e/test_integration_flow.py::test_tick_waiting_timer_advances_step PASSED [  5%]
tests/e2e/test_integration_flow.py::test_tick_finishes_after_last_step PASSED [  6%]
tests/e2e/test_integration_flow.py::test_interested_reply_full_pipeline PASSED [  8%]
tests/e2e/test_integration_flow.py::test_low_confidence_routes_to_review_not_state_change PASSED [ 10%]
tests/e2e/test_integration_flow.py::test_unsubscribe_reply_suppresses_and_penalizes PASSED [ 11%]
tests/e2e/test_integration_flow.py::test_settle_expired_pending_counts_as_failure PASSED [ 13%]
tests/e2e/test_integration_flow.py::test_suppression_is_permanent_for_lead PASSED [ 15%]
tests/unit/test_classifier_fixtures.py::test_fixture_file_is_well_formed PASSED [ 16%]
tests/unit/test_classifier_fixtures.py::test_classify_reply_passes_text_through PASSED [ 18%]
tests/unit/test_classifier_fixtures.py::test_ooo_return_date_survives_schema PASSED [ 20%]
tests/unit/test_classifier_fixtures.py::test_strip_quoted_removes_history PASSED [ 22%]
tests/unit/test_copywriter_fill.py::test_render_skeleton_and_split PASSED [ 23%]
tests/unit/test_copywriter_fill.py::test_render_raises_on_unfilled_slot PASSED [ 25%]
tests/unit/test_copywriter_fill.py::test_good_fill_passes_first_try PASSED [ 27%]
tests/unit/test_copywriter_fill.py::test_hallucinated_fill_retries_with_errors_then_passes PASSED [ 28%]
tests/unit/test_copywriter_fill.py::test_double_failure_gives_up_for_human_review PASSED [ 30%]
tests/unit/test_machine.py::test_happy_path_three_step_sequence PASSED   [ 32%]
tests/unit/test_machine.py::test_interested_reply_stops_sequence PASSED  [ 33%]
tests/unit/test_machine.py::test_ooo_reschedules_then_resumes PASSED     [ 35%]
tests/unit/test_machine.py::test_ooo_then_interested PASSED              [ 37%]
tests/unit/test_machine.py::test_wildcard_bounce_from_any_nonterminal_state PASSED [ 38%]
tests/unit/test_machine.py::test_wildcard_does_not_resurrect_terminal_states PASSED [ 40%]
tests/unit/test_machine.py::test_invalid_transition_raises PASSED        [ 42%]
tests/unit/test_machine.py::test_research_failure_goes_to_error PASSED   [ 44%]
tests/unit/test_machine.py::test_terminal_states_are_closed PASSED       [ 45%]
tests/unit/test_misc_units.py::test_warmup_caps_ramp PASSED              [ 47%]
tests/unit/test_misc_units.py::test_email_syntax PASSED                  [ 49%]
tests/unit/test_misc_units.py::test_gdpr_blocking PASSED                 [ 50%]
tests/unit/test_misc_units.py::test_rule_score_seniority PASSED          [ 52%]
tests/unit/test_misc_units.py::test_hash_embedder_similarity_is_sane PASSED [ 54%]
tests/unit/test_misc_units.py::test_icp_score_bounds PASSED              [ 55%]
tests/unit/test_poller.py::test_parse_raw_email_headers PASSED           [ 57%]
tests/unit/test_poller.py::test_fetch_unseen_connect_eof_does_not_raise PASSED [ 59%]
tests/unit/test_poller.py::test_fetch_unseen_skips_empty_imap_host PASSED [ 61%]
tests/unit/test_poller.py::test_fetch_mailpit_parses_replies PASSED      [ 62%]
tests/unit/test_poller.py::test_fetch_mailpit_skips_outbound_without_reply_headers PASSED [ 64%]
tests/unit/test_scheduling.py::test_add_business_days_skips_weekend PASSED [ 66%]
tests/unit/test_scheduling.py::test_send_lands_in_business_window_lead_tz PASSED [ 67%]
tests/unit/test_scheduling.py::test_never_sends_on_weekend PASSED        [ 69%]
tests/unit/test_scheduling.py::test_bad_timezone_falls_back PASSED       [ 71%]
tests/unit/test_simulator.py::test_bandit_converges_on_seeded_difference PASSED [ 72%]
tests/unit/test_simulator.py::test_convergence_is_robust_across_seeds PASSED [ 74%]
tests/unit/test_simulator.py::test_history_snapshots_for_dashboard PASSED [ 76%]
tests/unit/test_thompson.py::test_update_math PASSED                     [ 77%]
tests/unit/test_thompson.py::test_outcome_mapping PASSED                 [ 79%]
tests/unit/test_thompson.py::test_pick_prefers_clearly_better_arm PASSED [ 81%]
tests/unit/test_thompson.py::test_deactivation_guardrail PASSED          [ 83%]
tests/unit/test_thompson.py::test_posterior_pdf_shape PASSED             [ 84%]
tests/unit/test_thompson.py::test_bandit_sanity_best_arm_dominates_by_n300 PASSED [ 86%]
tests/unit/test_validator.py::test_grounded_fill_passes PASSED           [ 88%]
tests/unit/test_validator.py::test_hallucinated_proper_noun_rejected PASSED [ 89%]
tests/unit/test_validator.py::test_hallucinated_number_rejected PASSED   [ 91%]
tests/unit/test_validator.py::test_banned_phrase_rejected PASSED         [ 93%]
tests/unit/test_validator.py::test_em_dash_rejected PASSED               [ 94%]
tests/unit/test_validator.py::test_subject_length_cap PASSED             [ 96%]
tests/unit/test_validator.py::test_body_length_cap PASSED                [ 98%]
tests/unit/test_validator.py::test_extract_claims_skips_sentence_initial_common_words PASSED [100%]

=============================== warnings summary ===============================
tests/e2e/test_integration_flow.py::test_interested_reply_full_pipeline
tests/e2e/test_integration_flow.py::test_low_confidence_routes_to_review_not_state_change
tests/e2e/test_integration_flow.py::test_unsubscribe_reply_suppresses_and_penalizes
tests/unit/test_classifier_fixtures.py::test_strip_quoted_removes_history
  /Users/zacharynowroozi/OpenSDR/.venv/lib/python3.14/site-packages/email_reply_parser/__init__.py:68: DeprecationWarning: 'count' is passed as positional argument
    self.text = re.sub('([^\n])(?=\n ?[_-]{7,})', '\\1\n', self.text, re.MULTILINE)

-- Docs: https://docs.pytest.org/en/stable/how-to/capture-warnings.html
======================== 59 passed, 4 warnings in 1.49s ========================
